<?xml version="1.0" encoding="UTF-8"?>
<!-- Generated by org.testng.reporters.JUnitReportReporter -->
<testsuite hostname="LAPTOP-NPK9TD8S" failures="0" tests="3" name="testcases.LoginTest" time="28.978" errors="0" timestamp="29 Apr 2023 06:39:13 GMT" skipped="0">
  <testcase classname="testcases.LoginTest" name="test4" time="11.231"/>
  <testcase classname="testcases.LoginTest" name="test1" time="9.291"/>
  <testcase classname="testcases.LoginTest" name="test2" time="8.456"/>
</testsuite> <!-- testcases.LoginTest -->
