<?xml version="1.0" encoding="UTF-8"?>
<!-- Generated by org.testng.reporters.JUnitReportReporter -->
<testsuite hostname="LAPTOP-NPK9TD8S" failures="0" tests="3" name="testcases.LoginTest" time="35.626" errors="0" timestamp="30 Apr 2023 05:15:44 GMT" skipped="0">
  <testcase classname="testcases.LoginTest" name="test4" time="10.725"/>
  <testcase classname="testcases.LoginTest" name="test1" time="13.800"/>
  <testcase classname="testcases.LoginTest" name="test2" time="11.101"/>
</testsuite> <!-- testcases.LoginTest -->
